2026-04-03 18:01:53,869 INFO o.a.j.u.JMeterUtils: Setting Locale to en_EN
2026-04-03 18:01:53,992 INFO o.a.j.JMeter: Loading user properties from: C:\Users\user\Downloads\FDPACB\FDPACB\apache-jmeter-5.6.3\bin\user.properties
2026-04-03 18:01:53,993 INFO o.a.j.JMeter: Loading system properties from: C:\Users\user\Downloads\FDPACB\FDPACB\apache-jmeter-5.6.3\bin\system.properties
2026-04-03 18:01:54,019 INFO o.a.j.JMeter: Copyright (c) 1998-2024 The Apache Software Foundation
2026-04-03 18:01:54,019 INFO o.a.j.JMeter: Version 5.6.3
2026-04-03 18:01:54,020 INFO o.a.j.JMeter: java.version=17.0.17
2026-04-03 18:01:54,020 INFO o.a.j.JMeter: java.vm.name=OpenJDK 64-Bit Server VM
2026-04-03 18:01:54,020 INFO o.a.j.JMeter: os.name=Windows 11
2026-04-03 18:01:54,021 INFO o.a.j.JMeter: os.arch=amd64
2026-04-03 18:01:54,021 INFO o.a.j.JMeter: os.version=10.0
2026-04-03 18:01:54,022 INFO o.a.j.JMeter: file.encoding=Cp1252
2026-04-03 18:01:54,022 INFO o.a.j.JMeter: java.awt.headless=true
2026-04-03 18:01:54,022 INFO o.a.j.JMeter: Max memory     =1073741824
2026-04-03 18:01:54,022 INFO o.a.j.JMeter: Available Processors =8
2026-04-03 18:01:54,049 INFO o.a.j.JMeter: Default Locale=English (EN)
2026-04-03 18:01:54,050 INFO o.a.j.JMeter: JMeter  Locale=English (EN)
2026-04-03 18:01:54,050 INFO o.a.j.JMeter: JMeterHome=C:\Users\user\Downloads\FDPACB\FDPACB\apache-jmeter-5.6.3
2026-04-03 18:01:54,050 INFO o.a.j.JMeter: user.dir  =C:\Users\user\Downloads\FDPACB\FDPACB
2026-04-03 18:01:54,051 INFO o.a.j.JMeter: PWD       =C:\Users\user\Downloads\FDPACB\FDPACB
2026-04-03 18:01:54,061 INFO o.a.j.JMeter: IP: 192.168.1.8 Name: Tharun-Velamakuru FullName: Tharun-Velamakuru
2026-04-03 18:01:54,090 INFO o.a.j.JMeter: Setting property 'jmeter.reportgenerator.outputdir' to:'C:\Users\user\Downloads\FDPACB\FDPACB\jmeter_report'
2026-04-03 18:01:54,095 INFO o.a.j.s.FileServer: Default base='C:\Users\user\Downloads\FDPACB\FDPACB'
2026-04-03 18:01:54,098 INFO o.a.j.s.FileServer: Set new base='C:\Users\user\Downloads\FDPACB\FDPACB'
2026-04-03 18:01:54,669 INFO o.a.j.s.SaveService: Testplan (JMX) version: 2.2. Testlog (JTL) version: 2.2
2026-04-03 18:01:54,751 INFO o.a.j.s.SaveService: Using SaveService properties version 5.0
2026-04-03 18:01:54,762 INFO o.a.j.s.SaveService: Using SaveService properties file encoding UTF-8
2026-04-03 18:01:54,767 INFO o.a.j.s.SaveService: Loading file: ivr-stress-test.jmx
2026-04-03 18:01:54,919 INFO o.a.j.p.h.s.HTTPSamplerBase: Parser for text/html is org.apache.jmeter.protocol.http.parser.LagartoBasedHtmlParser
2026-04-03 18:01:54,919 INFO o.a.j.p.h.s.HTTPSamplerBase: Parser for application/xhtml+xml is org.apache.jmeter.protocol.http.parser.LagartoBasedHtmlParser
2026-04-03 18:01:54,920 INFO o.a.j.p.h.s.HTTPSamplerBase: Parser for application/xml is org.apache.jmeter.protocol.http.parser.LagartoBasedHtmlParser
2026-04-03 18:01:54,920 INFO o.a.j.p.h.s.HTTPSamplerBase: Parser for text/xml is org.apache.jmeter.protocol.http.parser.LagartoBasedHtmlParser
2026-04-03 18:01:54,920 INFO o.a.j.p.h.s.HTTPSamplerBase: Parser for text/vnd.wap.wml is org.apache.jmeter.protocol.http.parser.RegexpHTMLParser
2026-04-03 18:01:54,920 INFO o.a.j.p.h.s.HTTPSamplerBase: Parser for text/css is org.apache.jmeter.protocol.http.parser.CssParser
2026-04-03 18:01:54,989 INFO o.a.j.JMeter: Creating summariser <summary>
2026-04-03 18:01:55,007 INFO o.a.j.r.d.ReportGenerator: ReportGenerator will use for Parsing the separator: ','
2026-04-03 18:01:55,007 INFO o.a.j.r.d.ReportGenerator: Will generate report at end of test from  results file: results.csv
2026-04-03 18:01:55,007 INFO o.a.j.r.d.ReportGenerator: Reading report generator properties from: C:\Users\user\Downloads\FDPACB\FDPACB\apache-jmeter-5.6.3\bin\reportgenerator.properties
2026-04-03 18:01:55,009 INFO o.a.j.r.d.ReportGenerator: Merging with JMeter properties
2026-04-03 18:01:55,016 INFO o.a.j.r.c.ReportGeneratorConfiguration: Property 'jmeter.reportgenerator.temp_dir' not found, using default value 'temp' instead.
2026-04-03 18:01:55,021 INFO o.a.j.r.c.ReportGeneratorConfiguration: Property 'jmeter.reportgenerator.apdex_per_transaction' not found, using default value 'null' instead.
2026-04-03 18:01:55,021 INFO o.a.j.r.c.ReportGeneratorConfiguration: apdex_per_transaction is empty, not APDEX per transaction customization
2026-04-03 18:01:55,021 INFO o.a.j.r.c.ReportGeneratorConfiguration: Property 'jmeter.reportgenerator.sample_filter' not found, using default value 'null' instead.
2026-04-03 18:01:55,021 INFO o.a.j.r.c.ReportGeneratorConfiguration: Property 'jmeter.reportgenerator.report_title' not found, using default value 'null' instead.
2026-04-03 18:01:55,022 INFO o.a.j.r.c.ReportGeneratorConfiguration: Property 'jmeter.reportgenerator.start_date' not found, using default value 'null' instead.
2026-04-03 18:01:55,022 INFO o.a.j.r.c.ReportGeneratorConfiguration: Property 'jmeter.reportgenerator.end_date' not found, using default value 'null' instead.
2026-04-03 18:01:55,022 INFO o.a.j.r.c.ReportGeneratorConfiguration: Property 'jmeter.reportgenerator.date_format' not found, using default value 'null' instead.
2026-04-03 18:01:55,022 INFO o.a.j.r.c.ReportGeneratorConfiguration: Will use date range start date: null, end date: null
2026-04-03 18:01:55,029 INFO o.a.j.r.c.ReportGeneratorConfiguration: Property 'jmeter.reportgenerator.graph.totalTPS.exclude_controllers' not found, using default value 'false' instead.
2026-04-03 18:01:55,029 INFO o.a.j.r.c.ReportGeneratorConfiguration: Property 'jmeter.reportgenerator.graph.activeThreadsOverTime.exclude_controllers' not found, using default value 'false' instead.
2026-04-03 18:01:55,029 INFO o.a.j.r.c.ReportGeneratorConfiguration: Property 'jmeter.reportgenerator.graph.timeVsThreads.exclude_controllers' not found, using default value 'false' instead.
2026-04-03 18:01:55,030 INFO o.a.j.r.c.ReportGeneratorConfiguration: Property 'jmeter.reportgenerator.graph.responseTimeDistribution.exclude_controllers' not found, using default value 'false' instead.
2026-04-03 18:01:55,030 INFO o.a.j.r.c.ReportGeneratorConfiguration: Property 'jmeter.reportgenerator.graph.transactionsPerSecond.exclude_controllers' not found, using default value 'false' instead.
2026-04-03 18:01:55,030 INFO o.a.j.r.c.ReportGeneratorConfiguration: Property 'jmeter.reportgenerator.graph.responseTimePercentiles.exclude_controllers' not found, using default value 'false' instead.
2026-04-03 18:01:55,030 INFO o.a.j.r.c.ReportGeneratorConfiguration: Property 'jmeter.reportgenerator.graph.responseTimePercentilesOverTime.exclude_controllers' not found, using default value 'false' instead.
2026-04-03 18:01:55,030 INFO o.a.j.r.c.ReportGeneratorConfiguration: Property 'jmeter.reportgenerator.graph.responseTimesOverTime.exclude_controllers' not found, using default value 'false' instead.
2026-04-03 18:01:55,030 INFO o.a.j.r.c.ReportGeneratorConfiguration: Property 'jmeter.reportgenerator.graph.connectTimeOverTime.exclude_controllers' not found, using default value 'false' instead.
2026-04-03 18:01:55,030 INFO o.a.j.r.c.ReportGeneratorConfiguration: Property 'jmeter.reportgenerator.graph.latenciesOverTime.exclude_controllers' not found, using default value 'false' instead.
2026-04-03 18:01:55,034 INFO o.a.j.r.c.ReportGeneratorConfiguration: Property 'jmeter.reportgenerator.exporter.json.filters_only_sample_series' not found, using default value 'true' instead.
2026-04-03 18:01:55,034 INFO o.a.j.r.c.ReportGeneratorConfiguration: Property 'jmeter.reportgenerator.exporter.json.series_filter' not found, using default value '' instead.
2026-04-03 18:01:55,034 INFO o.a.j.r.c.ReportGeneratorConfiguration: Property 'jmeter.reportgenerator.exporter.json.show_controllers_only' not found, using default value 'false' instead.
2026-04-03 18:01:55,035 INFO o.a.j.r.c.ReportGeneratorConfiguration: Property 'jmeter.reportgenerator.exporter.html.filters_only_sample_series' not found, using default value 'true' instead.
2026-04-03 18:01:55,035 INFO o.a.j.r.c.ReportGeneratorConfiguration: Property 'jmeter.reportgenerator.exporter.html.series_filter' not found, using default value '' instead.
2026-04-03 18:01:55,035 INFO o.a.j.r.c.ReportGeneratorConfiguration: Property 'jmeter.reportgenerator.exporter.html.show_controllers_only' not found, using default value 'false' instead.
2026-04-03 18:01:55,067 INFO o.a.j.e.StandardJMeterEngine: Running the test!
2026-04-03 18:01:55,068 INFO o.a.j.s.SampleEvent: List of sample_variables: []
2026-04-03 18:01:55,068 INFO o.a.j.s.SampleEvent: List of sample_variables: []
2026-04-03 18:01:55,092 INFO o.a.j.e.u.CompoundVariable: Note: Function class names must contain the string: '.functions.'
2026-04-03 18:01:55,092 INFO o.a.j.e.u.CompoundVariable: Note: Function class names must not contain the string: '.gui.'
2026-04-03 18:01:55,356 INFO o.a.j.JMeter: Running test (1775219515356)
2026-04-03 18:01:55,406 INFO o.a.j.e.StandardJMeterEngine: Starting ThreadGroup: 1 : Exotel Webhook Load
2026-04-03 18:01:55,407 INFO o.a.j.e.StandardJMeterEngine: Starting 50 threads for group Exotel Webhook Load.
2026-04-03 18:01:55,407 INFO o.a.j.e.StandardJMeterEngine: Thread will continue on error
2026-04-03 18:01:55,407 INFO o.a.j.t.ThreadGroup: Starting thread group... number=1 threads=50 ramp-up=10 delayedStart=false
2026-04-03 18:01:55,427 INFO o.a.j.t.JMeterThread: Thread started: Exotel Webhook Load 1-1
2026-04-03 18:01:55,485 INFO o.a.j.t.ThreadGroup: Started thread group number 1
2026-04-03 18:01:55,486 INFO o.a.j.e.StandardJMeterEngine: All thread groups have been started
2026-04-03 18:01:55,495 INFO o.a.j.p.h.s.HTTPHCAbstractImpl: Local host = Tharun-Velamakuru
2026-04-03 18:01:55,510 INFO o.a.j.p.h.s.HTTPHC4Impl: HTTP request retry count = 0
2026-04-03 18:01:55,513 INFO o.a.j.s.SampleResult: Note: Sample TimeStamps are START times
2026-04-03 18:01:55,514 INFO o.a.j.s.SampleResult: sampleresult.default.encoding is set to UTF-8
2026-04-03 18:01:55,514 INFO o.a.j.s.SampleResult: sampleresult.useNanoTime=true
2026-04-03 18:01:55,514 INFO o.a.j.s.SampleResult: sampleresult.nanoThreadSleep=5000
2026-04-03 18:01:55,622 INFO o.a.j.t.JMeterThread: Thread started: Exotel Webhook Load 1-2
2026-04-03 18:01:55,820 INFO o.a.j.t.JMeterThread: Thread started: Exotel Webhook Load 1-3
2026-04-03 18:01:56,018 INFO o.a.j.t.JMeterThread: Thread started: Exotel Webhook Load 1-4
2026-04-03 18:01:56,110 INFO o.a.j.p.h.s.h.LazyLayeredConnectionSocketFactory: Setting up HTTPS TrustAll Socket Factory
2026-04-03 18:01:56,122 INFO o.a.j.u.JsseSSLManager: Using default SSL protocol: TLS
2026-04-03 18:01:56,123 INFO o.a.j.u.JsseSSLManager: SSL session context: per-thread
2026-04-03 18:01:56,218 INFO o.a.j.t.JMeterThread: Thread started: Exotel Webhook Load 1-5
2026-04-03 18:01:56,367 INFO o.a.j.u.SSLManager: JmeterKeyStore Location:  type JKS
2026-04-03 18:01:56,378 INFO o.a.j.u.SSLManager: KeyStore created OK
2026-04-03 18:01:56,378 WARN o.a.j.u.SSLManager: Keystore file not found, loading empty keystore
2026-04-03 18:01:56,413 INFO o.a.j.t.JMeterThread: Thread started: Exotel Webhook Load 1-6
2026-04-03 18:01:56,612 INFO o.a.j.t.JMeterThread: Thread started: Exotel Webhook Load 1-7
2026-04-03 18:01:56,821 INFO o.a.j.t.JMeterThread: Thread started: Exotel Webhook Load 1-8
2026-04-03 18:01:57,012 INFO o.a.j.t.JMeterThread: Thread started: Exotel Webhook Load 1-9
2026-04-03 18:01:57,211 INFO o.a.j.t.JMeterThread: Thread started: Exotel Webhook Load 1-10
2026-04-03 18:01:57,413 INFO o.a.j.t.JMeterThread: Thread started: Exotel Webhook Load 1-11
2026-04-03 18:01:57,616 INFO o.a.j.t.JMeterThread: Thread started: Exotel Webhook Load 1-12
2026-04-03 18:01:57,813 INFO o.a.j.t.JMeterThread: Thread started: Exotel Webhook Load 1-13
2026-04-03 18:01:58,021 INFO o.a.j.t.JMeterThread: Thread started: Exotel Webhook Load 1-14
2026-04-03 18:01:58,216 INFO o.a.j.t.JMeterThread: Thread started: Exotel Webhook Load 1-15
2026-04-03 18:01:58,427 INFO o.a.j.t.JMeterThread: Thread started: Exotel Webhook Load 1-16
2026-04-03 18:01:58,622 INFO o.a.j.t.JMeterThread: Thread started: Exotel Webhook Load 1-17
2026-04-03 18:01:58,813 INFO o.a.j.t.JMeterThread: Thread started: Exotel Webhook Load 1-18
2026-04-03 18:01:59,012 INFO o.a.j.t.JMeterThread: Thread started: Exotel Webhook Load 1-19
2026-04-03 18:01:59,219 INFO o.a.j.t.JMeterThread: Thread started: Exotel Webhook Load 1-20
2026-04-03 18:01:59,425 INFO o.a.j.t.JMeterThread: Thread started: Exotel Webhook Load 1-21
2026-04-03 18:01:59,621 INFO o.a.j.t.JMeterThread: Thread started: Exotel Webhook Load 1-22
2026-04-03 18:01:59,821 INFO o.a.j.t.JMeterThread: Thread started: Exotel Webhook Load 1-23
2026-04-03 18:02:00,008 INFO o.a.j.r.Summariser: summary +    780 in 00:00:05 =  167.8/s Avg:    67 Min:    48 Max:  1193 Err:   780 (100.00%) Active: 23 Started: 23 Finished: 0
2026-04-03 18:02:00,018 INFO o.a.j.t.JMeterThread: Thread started: Exotel Webhook Load 1-24
2026-04-03 18:02:00,212 INFO o.a.j.t.JMeterThread: Thread started: Exotel Webhook Load 1-25
2026-04-03 18:02:00,419 INFO o.a.j.t.JMeterThread: Thread started: Exotel Webhook Load 1-26
2026-04-03 18:02:00,617 INFO o.a.j.t.JMeterThread: Thread started: Exotel Webhook Load 1-27
2026-04-03 18:02:00,814 INFO o.a.j.t.JMeterThread: Thread started: Exotel Webhook Load 1-28
2026-04-03 18:02:01,019 INFO o.a.j.t.JMeterThread: Thread started: Exotel Webhook Load 1-29
2026-04-03 18:02:01,221 INFO o.a.j.t.JMeterThread: Thread started: Exotel Webhook Load 1-30
2026-04-03 18:02:01,411 INFO o.a.j.t.JMeterThread: Thread started: Exotel Webhook Load 1-31
2026-04-03 18:02:01,613 INFO o.a.j.t.JMeterThread: Thread started: Exotel Webhook Load 1-32
2026-04-03 18:02:01,824 INFO o.a.j.t.JMeterThread: Thread started: Exotel Webhook Load 1-33
2026-04-03 18:02:02,021 INFO o.a.j.t.JMeterThread: Thread started: Exotel Webhook Load 1-34
2026-04-03 18:02:02,218 INFO o.a.j.t.JMeterThread: Thread started: Exotel Webhook Load 1-35
2026-04-03 18:02:02,418 INFO o.a.j.t.JMeterThread: Thread started: Exotel Webhook Load 1-36
2026-04-03 18:02:02,623 INFO o.a.j.t.JMeterThread: Thread started: Exotel Webhook Load 1-37
2026-04-03 18:02:02,821 INFO o.a.j.t.JMeterThread: Thread started: Exotel Webhook Load 1-38
2026-04-03 18:02:03,021 INFO o.a.j.t.JMeterThread: Thread started: Exotel Webhook Load 1-39
2026-04-03 18:02:03,221 INFO o.a.j.t.JMeterThread: Thread started: Exotel Webhook Load 1-40
2026-04-03 18:02:03,419 INFO o.a.j.t.JMeterThread: Thread started: Exotel Webhook Load 1-41
2026-04-03 18:02:03,618 INFO o.a.j.t.JMeterThread: Thread started: Exotel Webhook Load 1-42
2026-04-03 18:02:03,811 INFO o.a.j.t.JMeterThread: Thread started: Exotel Webhook Load 1-43
2026-04-03 18:02:04,018 INFO o.a.j.t.JMeterThread: Thread started: Exotel Webhook Load 1-44
2026-04-03 18:02:04,214 INFO o.a.j.t.JMeterThread: Thread started: Exotel Webhook Load 1-45
2026-04-03 18:02:04,416 INFO o.a.j.t.JMeterThread: Thread started: Exotel Webhook Load 1-46
2026-04-03 18:02:04,624 INFO o.a.j.t.JMeterThread: Thread started: Exotel Webhook Load 1-47
2026-04-03 18:02:04,811 INFO o.a.j.t.JMeterThread: Thread started: Exotel Webhook Load 1-48
2026-04-03 18:02:05,022 INFO o.a.j.t.JMeterThread: Thread started: Exotel Webhook Load 1-49
2026-04-03 18:02:05,218 INFO o.a.j.t.JMeterThread: Thread started: Exotel Webhook Load 1-50
2026-04-03 18:02:25,417 INFO o.a.j.t.JMeterThread: Stopping because end time detected by thread: Exotel Webhook Load 1-1
2026-04-03 18:02:25,418 INFO o.a.j.t.JMeterThread: Thread finished: Exotel Webhook Load 1-1
2026-04-03 18:02:25,424 INFO o.a.j.t.JMeterThread: Stopping because end time detected by thread: Exotel Webhook Load 1-4
2026-04-03 18:02:25,425 INFO o.a.j.t.JMeterThread: Thread finished: Exotel Webhook Load 1-4
2026-04-03 18:02:25,432 INFO o.a.j.t.JMeterThread: Stopping because end time detected by thread: Exotel Webhook Load 1-3
2026-04-03 18:02:25,432 INFO o.a.j.t.JMeterThread: Thread finished: Exotel Webhook Load 1-3
2026-04-03 18:02:25,435 INFO o.a.j.t.JMeterThread: Stopping because end time detected by thread: Exotel Webhook Load 1-5
2026-04-03 18:02:25,435 INFO o.a.j.t.JMeterThread: Stopping because end time detected by thread: Exotel Webhook Load 1-6
2026-04-03 18:02:25,435 INFO o.a.j.t.JMeterThread: Thread finished: Exotel Webhook Load 1-5
2026-04-03 18:02:25,436 INFO o.a.j.t.JMeterThread: Thread finished: Exotel Webhook Load 1-6
2026-04-03 18:02:25,453 INFO o.a.j.t.JMeterThread: Stopping because end time detected by thread: Exotel Webhook Load 1-7
2026-04-03 18:02:25,453 INFO o.a.j.t.JMeterThread: Stopping because end time detected by thread: Exotel Webhook Load 1-2
2026-04-03 18:02:25,453 INFO o.a.j.t.JMeterThread: Thread finished: Exotel Webhook Load 1-7
2026-04-03 18:02:25,453 INFO o.a.j.t.JMeterThread: Thread finished: Exotel Webhook Load 1-2
2026-04-03 18:02:25,456 INFO o.a.j.t.JMeterThread: Stopping because end time detected by thread: Exotel Webhook Load 1-8
2026-04-03 18:02:25,456 INFO o.a.j.t.JMeterThread: Thread finished: Exotel Webhook Load 1-8
2026-04-03 18:02:25,457 INFO o.a.j.t.JMeterThread: Stopping because end time detected by thread: Exotel Webhook Load 1-10
2026-04-03 18:02:25,457 INFO o.a.j.t.JMeterThread: Thread finished: Exotel Webhook Load 1-10
2026-04-03 18:02:25,460 INFO o.a.j.t.JMeterThread: Stopping because end time detected by thread: Exotel Webhook Load 1-17
2026-04-03 18:02:25,460 INFO o.a.j.t.JMeterThread: Thread finished: Exotel Webhook Load 1-17
2026-04-03 18:02:25,464 INFO o.a.j.t.JMeterThread: Stopping because end time detected by thread: Exotel Webhook Load 1-30
2026-04-03 18:02:25,464 INFO o.a.j.t.JMeterThread: Stopping because end time detected by thread: Exotel Webhook Load 1-16
2026-04-03 18:02:25,464 INFO o.a.j.t.JMeterThread: Thread finished: Exotel Webhook Load 1-30
2026-04-03 18:02:25,464 INFO o.a.j.t.JMeterThread: Thread finished: Exotel Webhook Load 1-16
2026-04-03 18:02:25,469 INFO o.a.j.t.JMeterThread: Stopping because end time detected by thread: Exotel Webhook Load 1-13
2026-04-03 18:02:25,469 INFO o.a.j.t.JMeterThread: Stopping because end time detected by thread: Exotel Webhook Load 1-32
2026-04-03 18:02:25,469 INFO o.a.j.t.JMeterThread: Stopping because end time detected by thread: Exotel Webhook Load 1-15
2026-04-03 18:02:25,469 INFO o.a.j.t.JMeterThread: Thread finished: Exotel Webhook Load 1-13
2026-04-03 18:02:25,470 INFO o.a.j.t.JMeterThread: Thread finished: Exotel Webhook Load 1-32
2026-04-03 18:02:25,470 INFO o.a.j.t.JMeterThread: Thread finished: Exotel Webhook Load 1-15
2026-04-03 18:02:25,470 INFO o.a.j.t.JMeterThread: Stopping because end time detected by thread: Exotel Webhook Load 1-40
2026-04-03 18:02:25,470 INFO o.a.j.t.JMeterThread: Stopping because end time detected by thread: Exotel Webhook Load 1-20
2026-04-03 18:02:25,471 INFO o.a.j.t.JMeterThread: Thread finished: Exotel Webhook Load 1-40
2026-04-03 18:02:25,471 INFO o.a.j.t.JMeterThread: Thread finished: Exotel Webhook Load 1-20
2026-04-03 18:02:25,474 INFO o.a.j.t.JMeterThread: Stopping because end time detected by thread: Exotel Webhook Load 1-28
2026-04-03 18:02:25,474 INFO o.a.j.t.JMeterThread: Stopping because end time detected by thread: Exotel Webhook Load 1-14
2026-04-03 18:02:25,475 INFO o.a.j.t.JMeterThread: Thread finished: Exotel Webhook Load 1-28
2026-04-03 18:02:25,475 INFO o.a.j.t.JMeterThread: Thread finished: Exotel Webhook Load 1-14
2026-04-03 18:02:25,477 INFO o.a.j.t.JMeterThread: Stopping because end time detected by thread: Exotel Webhook Load 1-38
2026-04-03 18:02:25,477 INFO o.a.j.t.JMeterThread: Stopping because end time detected by thread: Exotel Webhook Load 1-27
2026-04-03 18:02:25,477 INFO o.a.j.t.JMeterThread: Stopping because end time detected by thread: Exotel Webhook Load 1-26
2026-04-03 18:02:25,477 INFO o.a.j.t.JMeterThread: Thread finished: Exotel Webhook Load 1-38
2026-04-03 18:02:25,477 INFO o.a.j.t.JMeterThread: Stopping because end time detected by thread: Exotel Webhook Load 1-19
2026-04-03 18:02:25,477 INFO o.a.j.t.JMeterThread: Thread finished: Exotel Webhook Load 1-27
2026-04-03 18:02:25,478 INFO o.a.j.t.JMeterThread: Thread finished: Exotel Webhook Load 1-26
2026-04-03 18:02:25,478 INFO o.a.j.t.JMeterThread: Stopping because end time detected by thread: Exotel Webhook Load 1-37
2026-04-03 18:02:25,479 INFO o.a.j.t.JMeterThread: Thread finished: Exotel Webhook Load 1-19
2026-04-03 18:02:25,479 INFO o.a.j.t.JMeterThread: Thread finished: Exotel Webhook Load 1-37
2026-04-03 18:02:25,483 INFO o.a.j.t.JMeterThread: Stopping because end time detected by thread: Exotel Webhook Load 1-42
2026-04-03 18:02:25,483 INFO o.a.j.t.JMeterThread: Stopping because end time detected by thread: Exotel Webhook Load 1-12
2026-04-03 18:02:25,483 INFO o.a.j.t.JMeterThread: Stopping because end time detected by thread: Exotel Webhook Load 1-24
2026-04-03 18:02:25,483 INFO o.a.j.t.JMeterThread: Thread finished: Exotel Webhook Load 1-42
2026-04-03 18:02:25,483 INFO o.a.j.t.JMeterThread: Stopping because end time detected by thread: Exotel Webhook Load 1-11
2026-04-03 18:02:25,483 INFO o.a.j.t.JMeterThread: Thread finished: Exotel Webhook Load 1-12
2026-04-03 18:02:25,483 INFO o.a.j.t.JMeterThread: Thread finished: Exotel Webhook Load 1-24
2026-04-03 18:02:25,483 INFO o.a.j.t.JMeterThread: Thread finished: Exotel Webhook Load 1-11
2026-04-03 18:02:25,486 INFO o.a.j.t.JMeterThread: Stopping because end time detected by thread: Exotel Webhook Load 1-22
2026-04-03 18:02:25,487 INFO o.a.j.t.JMeterThread: Thread finished: Exotel Webhook Load 1-22
2026-04-03 18:02:25,487 INFO o.a.j.t.JMeterThread: Stopping because end time detected by thread: Exotel Webhook Load 1-9
2026-04-03 18:02:25,488 INFO o.a.j.t.JMeterThread: Thread finished: Exotel Webhook Load 1-9
2026-04-03 18:02:25,488 INFO o.a.j.t.JMeterThread: Stopping because end time detected by thread: Exotel Webhook Load 1-39
2026-04-03 18:02:25,488 INFO o.a.j.t.JMeterThread: Thread finished: Exotel Webhook Load 1-39
2026-04-03 18:02:25,490 INFO o.a.j.t.JMeterThread: Stopping because end time detected by thread: Exotel Webhook Load 1-35
2026-04-03 18:02:25,490 INFO o.a.j.t.JMeterThread: Stopping because end time detected by thread: Exotel Webhook Load 1-18
2026-04-03 18:02:25,490 INFO o.a.j.t.JMeterThread: Thread finished: Exotel Webhook Load 1-35
2026-04-03 18:02:25,490 INFO o.a.j.t.JMeterThread: Thread finished: Exotel Webhook Load 1-18
2026-04-03 18:02:25,501 INFO o.a.j.t.JMeterThread: Stopping because end time detected by thread: Exotel Webhook Load 1-23
2026-04-03 18:02:25,501 INFO o.a.j.t.JMeterThread: Thread finished: Exotel Webhook Load 1-23
2026-04-03 18:02:25,504 INFO o.a.j.t.JMeterThread: Stopping because end time detected by thread: Exotel Webhook Load 1-25
2026-04-03 18:02:25,504 INFO o.a.j.t.JMeterThread: Stopping because end time detected by thread: Exotel Webhook Load 1-43
2026-04-03 18:02:25,505 INFO o.a.j.t.JMeterThread: Thread finished: Exotel Webhook Load 1-25
2026-04-03 18:02:25,505 INFO o.a.j.t.JMeterThread: Thread finished: Exotel Webhook Load 1-43
2026-04-03 18:02:25,507 INFO o.a.j.t.JMeterThread: Stopping because end time detected by thread: Exotel Webhook Load 1-47
2026-04-03 18:02:25,508 INFO o.a.j.t.JMeterThread: Thread finished: Exotel Webhook Load 1-47
2026-04-03 18:02:25,509 INFO o.a.j.t.JMeterThread: Stopping because end time detected by thread: Exotel Webhook Load 1-45
2026-04-03 18:02:25,509 INFO o.a.j.t.JMeterThread: Thread finished: Exotel Webhook Load 1-45
2026-04-03 18:02:25,511 INFO o.a.j.t.JMeterThread: Stopping because end time detected by thread: Exotel Webhook Load 1-21
2026-04-03 18:02:25,511 INFO o.a.j.t.JMeterThread: Stopping because end time detected by thread: Exotel Webhook Load 1-33
2026-04-03 18:02:25,511 INFO o.a.j.t.JMeterThread: Thread finished: Exotel Webhook Load 1-21
2026-04-03 18:02:25,511 INFO o.a.j.t.JMeterThread: Thread finished: Exotel Webhook Load 1-33
2026-04-03 18:02:25,513 INFO o.a.j.t.JMeterThread: Stopping because end time detected by thread: Exotel Webhook Load 1-34
2026-04-03 18:02:25,513 INFO o.a.j.t.JMeterThread: Thread finished: Exotel Webhook Load 1-34
2026-04-03 18:02:25,517 INFO o.a.j.t.JMeterThread: Stopping because end time detected by thread: Exotel Webhook Load 1-31
2026-04-03 18:02:25,517 INFO o.a.j.t.JMeterThread: Thread finished: Exotel Webhook Load 1-31
2026-04-03 18:02:25,518 INFO o.a.j.t.JMeterThread: Stopping because end time detected by thread: Exotel Webhook Load 1-46
2026-04-03 18:02:25,518 INFO o.a.j.t.JMeterThread: Thread finished: Exotel Webhook Load 1-46
2026-04-03 18:02:25,520 INFO o.a.j.t.JMeterThread: Stopping because end time detected by thread: Exotel Webhook Load 1-36
2026-04-03 18:02:25,520 INFO o.a.j.t.JMeterThread: Thread finished: Exotel Webhook Load 1-36
2026-04-03 18:02:25,520 INFO o.a.j.t.JMeterThread: Stopping because end time detected by thread: Exotel Webhook Load 1-49
2026-04-03 18:02:25,520 INFO o.a.j.t.JMeterThread: Thread finished: Exotel Webhook Load 1-49
2026-04-03 18:02:25,522 INFO o.a.j.t.JMeterThread: Stopping because end time detected by thread: Exotel Webhook Load 1-50
2026-04-03 18:02:25,522 INFO o.a.j.t.JMeterThread: Stopping because end time detected by thread: Exotel Webhook Load 1-29
2026-04-03 18:02:25,522 INFO o.a.j.t.JMeterThread: Stopping because end time detected by thread: Exotel Webhook Load 1-44
2026-04-03 18:02:25,522 INFO o.a.j.t.JMeterThread: Thread finished: Exotel Webhook Load 1-29
2026-04-03 18:02:25,522 INFO o.a.j.t.JMeterThread: Thread finished: Exotel Webhook Load 1-44
2026-04-03 18:02:25,522 INFO o.a.j.t.JMeterThread: Thread finished: Exotel Webhook Load 1-50
2026-04-03 18:02:25,522 INFO o.a.j.t.JMeterThread: Stopping because end time detected by thread: Exotel Webhook Load 1-41
2026-04-03 18:02:25,523 INFO o.a.j.t.JMeterThread: Thread finished: Exotel Webhook Load 1-41
2026-04-03 18:02:25,527 INFO o.a.j.t.JMeterThread: Stopping because end time detected by thread: Exotel Webhook Load 1-48
2026-04-03 18:02:25,527 INFO o.a.j.t.JMeterThread: Thread finished: Exotel Webhook Load 1-48
2026-04-03 18:02:25,528 INFO o.a.j.e.StandardJMeterEngine: Notifying test listeners of end of test
2026-04-03 18:02:25,531 INFO o.a.j.r.Summariser: summary +  19990 in 00:00:26 =  783.2/s Avg:    60 Min:    47 Max:   315 Err: 19990 (100.00%) Active: 0 Started: 50 Finished: 50
2026-04-03 18:02:25,533 INFO o.a.j.r.Summariser: summary =  20770 in 00:00:30 =  688.3/s Avg:    60 Min:    47 Max:  1193 Err: 20770 (100.00%)
2026-04-03 18:02:25,535 INFO o.a.j.JMeter: Generating Dashboard
2026-04-03 18:02:25,535 INFO o.a.j.r.d.ReportGenerator: Flushing result collector before report Generation
2026-04-03 18:02:25,610 INFO o.a.j.r.p.NormalizerSampleConsumer: Using format, 'ms', to parse timeStamp field
2026-04-03 18:02:27,564 INFO o.a.j.r.p.AbstractSampleConsumer: class org.apache.jmeter.report.processor.AggregateConsumer#stopProducing(): beginDate produced 0 samples
2026-04-03 18:02:27,564 INFO o.a.j.r.p.AbstractSampleConsumer: class org.apache.jmeter.report.processor.AggregateConsumer#stopProducing(): endDate produced 0 samples
2026-04-03 18:02:27,569 INFO o.a.j.r.p.AbstractSampleConsumer: class org.apache.jmeter.report.processor.ApdexSummaryConsumer#stopProducing(): apdexSummary produced 0 samples
2026-04-03 18:02:27,570 INFO o.a.j.r.p.AbstractSampleConsumer: class org.apache.jmeter.report.processor.RequestsSummaryConsumer#stopProducing(): requestsSummary produced 0 samples
2026-04-03 18:02:27,603 INFO o.a.j.r.p.AbstractSampleConsumer: class org.apache.jmeter.report.processor.StatisticsSummaryConsumer#stopProducing(): statisticsSummary produced 0 samples
2026-04-03 18:02:27,614 INFO o.a.j.r.p.AbstractSampleConsumer: class org.apache.jmeter.report.processor.Top5ErrorsBySamplerConsumer#stopProducing(): top5ErrorsBySampler produced 0 samples
2026-04-03 18:02:27,614 INFO o.a.j.r.p.AbstractSampleConsumer: class org.apache.jmeter.report.processor.ErrorsSummaryConsumer#stopProducing(): errorsSummary produced 0 samples
2026-04-03 18:02:27,614 INFO o.a.j.r.p.AbstractSampleConsumer: class org.apache.jmeter.report.processor.graph.impl.HitsPerSecondGraphConsumer#stopProducing(): hitsPerSecond produced 0 samples
2026-04-03 18:02:28,084 INFO o.a.j.r.p.AbstractSampleConsumer: class org.apache.jmeter.report.processor.graph.impl.LatencyVSRequestGraphConsumer#stopProducing(): latencyVsRequest produced 0 samples
2026-04-03 18:02:28,091 INFO o.a.j.r.p.AbstractSampleConsumer: class org.apache.jmeter.report.processor.graph.impl.SyntheticResponseTimeDistributionGraphConsumer#stopProducing(): syntheticResponseTimeDistribution produced 0 samples
2026-04-03 18:02:28,092 INFO o.a.j.r.p.AbstractSampleConsumer: class org.apache.jmeter.report.processor.graph.impl.BytesThroughputGraphConsumer#stopProducing(): bytesThroughputOverTime produced 0 samples
2026-04-03 18:02:28,093 INFO o.a.j.r.p.AbstractSampleConsumer: class org.apache.jmeter.report.processor.graph.impl.CodesPerSecondGraphConsumer#stopProducing(): codesPerSecond produced 0 samples
2026-04-03 18:02:28,519 INFO o.a.j.r.p.AbstractSampleConsumer: class org.apache.jmeter.report.processor.graph.impl.ResponseTimeVSRequestGraphConsumer#stopProducing(): responseTimeVsRequest produced 0 samples
2026-04-03 18:02:28,519 INFO o.a.j.r.p.AbstractSampleConsumer: class org.apache.jmeter.report.processor.FilterConsumer#stopProducing(): startIntervalControlerFilter produced 145390 samples
2026-04-03 18:02:28,526 INFO o.a.j.r.p.AbstractSampleConsumer: class org.apache.jmeter.report.processor.graph.impl.TotalTPSGraphConsumer#stopProducing(): totalTPS produced 0 samples
2026-04-03 18:02:28,526 INFO o.a.j.r.p.AbstractSampleConsumer: class org.apache.jmeter.report.processor.graph.impl.ActiveThreadsGraphConsumer#stopProducing(): activeThreadsOverTime produced 0 samples
2026-04-03 18:02:28,527 INFO o.a.j.r.p.AbstractSampleConsumer: class org.apache.jmeter.report.processor.graph.impl.TimeVSThreadGraphConsumer#stopProducing(): timeVsThreads produced 0 samples
2026-04-03 18:02:28,527 INFO o.a.j.r.p.AbstractSampleConsumer: class org.apache.jmeter.report.processor.graph.impl.ResponseTimeDistributionGraphConsumer#stopProducing(): responseTimeDistribution produced 0 samples
2026-04-03 18:02:28,527 INFO o.a.j.r.p.AbstractSampleConsumer: class org.apache.jmeter.report.processor.graph.impl.TransactionsPerSecondGraphConsumer#stopProducing(): transactionsPerSecond produced 0 samples
2026-04-03 18:02:28,529 INFO o.a.j.r.p.AbstractSampleConsumer: class org.apache.jmeter.report.processor.graph.impl.ResponseTimePercentilesGraphConsumer#stopProducing(): responseTimePercentiles produced 0 samples
2026-04-03 18:02:28,533 INFO o.a.j.r.p.AbstractSampleConsumer: class org.apache.jmeter.report.processor.graph.impl.ResponseTimePercentilesOverTimeGraphConsumer#stopProducing(): responseTimePercentilesOverTime produced 0 samples
2026-04-03 18:02:28,533 INFO o.a.j.r.p.AbstractSampleConsumer: class org.apache.jmeter.report.processor.graph.impl.ResponseTimeOverTimeGraphConsumer#stopProducing(): responseTimesOverTime produced 0 samples
2026-04-03 18:02:28,533 INFO o.a.j.r.p.AbstractSampleConsumer: class org.apache.jmeter.report.processor.graph.impl.ConnectTimeOverTimeGraphConsumer#stopProducing(): connectTimeOverTime produced 0 samples
2026-04-03 18:02:28,533 INFO o.a.j.r.p.AbstractSampleConsumer: class org.apache.jmeter.report.processor.graph.impl.LatencyOverTimeGraphConsumer#stopProducing(): latenciesOverTime produced 0 samples
2026-04-03 18:02:28,533 INFO o.a.j.r.p.AbstractSampleConsumer: class org.apache.jmeter.report.processor.FilterConsumer#stopProducing(): nameFilter produced 311550 samples
2026-04-03 18:02:28,533 INFO o.a.j.r.p.AbstractSampleConsumer: class org.apache.jmeter.report.processor.FilterConsumer#stopProducing(): dateRangeFilter produced 62310 samples
2026-04-03 18:02:28,533 INFO o.a.j.r.p.AbstractSampleConsumer: class org.apache.jmeter.report.processor.NormalizerSampleConsumer#stopProducing(): normalizer produced 20770 samples
2026-04-03 18:02:28,538 INFO o.a.j.r.p.CsvFileSampleSource: produce(): 20770 samples produced in 2s 877 ms on channel 0
2026-04-03 18:02:28,538 INFO o.a.j.r.d.ReportGenerator: Exporting data using exporter:'json' of className:'org.apache.jmeter.report.dashboard.JsonExporter'
2026-04-03 18:02:28,753 INFO o.a.j.r.d.JsonExporter: Found data for consumer statisticsSummary in context
2026-04-03 18:02:28,753 INFO o.a.j.r.d.JsonExporter: Creating statistics for overall
2026-04-03 18:02:28,756 INFO o.a.j.r.d.JsonExporter: Creating statistics for other transactions
2026-04-03 18:02:28,756 INFO o.a.j.r.d.JsonExporter: Checking output folder
2026-04-03 18:02:28,756 INFO o.a.j.r.d.JsonExporter: Writing statistics JSON to C:\Users\user\Downloads\FDPACB\FDPACB\jmeter_report\statistics.json
2026-04-03 18:02:28,828 INFO o.a.j.r.d.ReportGenerator: Exporting data using exporter:'html' of className:'org.apache.jmeter.report.dashboard.HtmlTemplateExporter'
2026-04-03 18:02:28,835 INFO o.a.j.r.d.HtmlTemplateExporter: Will generate dashboard in folder: C:\Users\user\Downloads\FDPACB\FDPACB\jmeter_report
2026-04-03 18:02:29,136 INFO o.a.j.r.d.HtmlTemplateExporter: Report will be generated in: C:\Users\user\Downloads\FDPACB\FDPACB\jmeter_report, creating folder structure
2026-04-03 18:02:29,143 INFO o.a.j.r.d.TemplateVisitor: Copying folder from 'C:\Users\user\Downloads\FDPACB\FDPACB\apache-jmeter-5.6.3\bin\report-template' to 'C:\Users\user\Downloads\FDPACB\FDPACB\jmeter_report', got message: C:\Users\user\Downloads\FDPACB\FDPACB\jmeter_report, found non empty folder with following content [C:\Users\user\Downloads\FDPACB\FDPACB\jmeter_report\statistics.json], will be ignored
2026-04-03 18:02:29,766 INFO o.a.j.JMeter: Dashboard generated
